18:27:55.815 [main] INFO  com.gowri.End2End.Base - Comparing Bank Name
18:27:55.821 [main] INFO  com.gowri.End2End.Base - Bank name comparision successful
18:27:55.892 [main] INFO  com.gowri.End2End.Base - Now clicking on Customer Login button 
18:27:56.173 [main] INFO  com.gowri.End2End.Base - Successfully clicked on customer login button
18:27:56.173 [main] INFO  com.gowri.End2End.Base - Now Looking for the available Accounts 
18:27:59.225 [main] INFO  com.gowri.End2End.Base - Selecting the elements in the customer list 1
18:27:59.416 [main] INFO  com.gowri.End2End.Base - Selected the 1element from the list
18:27:59.416 [main] INFO  com.gowri.End2End.Base - Clicking on the login button
18:27:59.474 [main] INFO  com.gowri.End2End.Base - Clicked on the Login button
18:28:02.477 [main] INFO  com.gowri.End2End.Base - Comparing the customer name from drop down and Accounts page 
18:28:02.508 [main] INFO  com.gowri.End2End.Base - Comparision complete
18:28:02.508 [main] INFO  com.gowri.End2End.Base - Clicking on Logout button 
18:28:02.573 [main] INFO  com.gowri.End2End.Base - Logout successful 
18:28:05.620 [main] INFO  com.gowri.End2End.Base - Selecting the elements in the customer list 2
18:28:05.824 [main] INFO  com.gowri.End2End.Base - Selected the 2element from the list
18:28:05.824 [main] INFO  com.gowri.End2End.Base - Clicking on the login button
18:28:05.936 [main] INFO  com.gowri.End2End.Base - Clicked on the Login button
18:28:08.937 [main] INFO  com.gowri.End2End.Base - Comparing the customer name from drop down and Accounts page 
18:28:08.969 [main] INFO  com.gowri.End2End.Base - Comparision complete
18:28:08.970 [main] INFO  com.gowri.End2End.Base - Clicking on Logout button 
18:28:09.042 [main] INFO  com.gowri.End2End.Base - Logout successful 
18:28:12.089 [main] INFO  com.gowri.End2End.Base - Selecting the elements in the customer list 3
18:28:12.260 [main] INFO  com.gowri.End2End.Base - Selected the 3element from the list
18:28:12.260 [main] INFO  com.gowri.End2End.Base - Clicking on the login button
18:28:12.352 [main] INFO  com.gowri.End2End.Base - Clicked on the Login button
18:28:15.353 [main] INFO  com.gowri.End2End.Base - Comparing the customer name from drop down and Accounts page 
18:28:15.380 [main] INFO  com.gowri.End2End.Base - Comparision complete
18:28:15.380 [main] INFO  com.gowri.End2End.Base - Clicking on Logout button 
18:28:15.429 [main] INFO  com.gowri.End2End.Base - Logout successful 
18:28:18.480 [main] INFO  com.gowri.End2End.Base - Selecting the elements in the customer list 4
18:28:18.654 [main] INFO  com.gowri.End2End.Base - Selected the 4element from the list
18:28:18.654 [main] INFO  com.gowri.End2End.Base - Clicking on the login button
18:28:18.729 [main] INFO  com.gowri.End2End.Base - Clicked on the Login button
18:28:21.730 [main] INFO  com.gowri.End2End.Base - Comparing the customer name from drop down and Accounts page 
18:28:21.755 [main] INFO  com.gowri.End2End.Base - Comparision complete
18:28:21.755 [main] INFO  com.gowri.End2End.Base - Clicking on Logout button 
18:28:21.805 [main] INFO  com.gowri.End2End.Base - Logout successful 
18:28:24.852 [main] INFO  com.gowri.End2End.Base - Selecting the elements in the customer list 5
18:28:25.030 [main] INFO  com.gowri.End2End.Base - Selected the 5element from the list
18:28:25.031 [main] INFO  com.gowri.End2End.Base - Clicking on the login button
18:28:25.109 [main] INFO  com.gowri.End2End.Base - Clicked on the Login button
18:28:28.111 [main] INFO  com.gowri.End2End.Base - Comparing the customer name from drop down and Accounts page 
18:28:28.135 [main] INFO  com.gowri.End2End.Base - Comparision complete
18:28:28.135 [main] INFO  com.gowri.End2End.Base - Clicking on Logout button 
18:28:28.177 [main] INFO  com.gowri.End2End.Base - Logout successful 
18:30:49.478 [main] INFO  com.gowri.End2End.Base - Comparing Bank Name
18:30:49.483 [main] INFO  com.gowri.End2End.Base - Bank name comparision successful
18:30:49.557 [main] INFO  com.gowri.End2End.Base - Now clicking on Customer Login button 
18:30:49.829 [main] INFO  com.gowri.End2End.Base - Successfully clicked on customer login button
18:30:49.830 [main] INFO  com.gowri.End2End.Base - Now Looking for the available Accounts 
18:30:52.892 [main] INFO  com.gowri.End2End.Base - Selecting the elements in the customer list 1
18:30:53.096 [main] INFO  com.gowri.End2End.Base - Selected the 1element from the list
18:30:53.096 [main] INFO  com.gowri.End2End.Base - Clicking on the login button
18:30:53.163 [main] INFO  com.gowri.End2End.Base - Clicked on the Login button
18:30:56.164 [main] INFO  com.gowri.End2End.Base - Comparing the customer name from drop down and Accounts page 
18:30:56.198 [main] INFO  com.gowri.End2End.Base - Comparision complete
18:30:56.198 [main] INFO  com.gowri.End2End.Base - Clicking on Logout button 
18:30:56.272 [main] INFO  com.gowri.End2End.Base - Logout successful 
18:30:59.333 [main] INFO  com.gowri.End2End.Base - Selecting the elements in the customer list 2
18:30:59.527 [main] INFO  com.gowri.End2End.Base - Selected the 2element from the list
18:30:59.527 [main] INFO  com.gowri.End2End.Base - Clicking on the login button
18:30:59.613 [main] INFO  com.gowri.End2End.Base - Clicked on the Login button
18:31:02.614 [main] INFO  com.gowri.End2End.Base - Comparing the customer name from drop down and Accounts page 
18:31:02.642 [main] INFO  com.gowri.End2End.Base - Comparision complete
18:31:02.642 [main] INFO  com.gowri.End2End.Base - Clicking on Logout button 
18:31:02.690 [main] INFO  com.gowri.End2End.Base - Logout successful 
18:31:05.741 [main] INFO  com.gowri.End2End.Base - Selecting the elements in the customer list 3
18:31:05.914 [main] INFO  com.gowri.End2End.Base - Selected the 3element from the list
18:31:05.914 [main] INFO  com.gowri.End2End.Base - Clicking on the login button
18:31:05.997 [main] INFO  com.gowri.End2End.Base - Clicked on the Login button
18:31:08.997 [main] INFO  com.gowri.End2End.Base - Comparing the customer name from drop down and Accounts page 
18:31:09.023 [main] INFO  com.gowri.End2End.Base - Comparision complete
18:31:09.023 [main] INFO  com.gowri.End2End.Base - Clicking on Logout button 
18:31:09.066 [main] INFO  com.gowri.End2End.Base - Logout successful 
18:31:12.111 [main] INFO  com.gowri.End2End.Base - Selecting the elements in the customer list 4
18:31:12.282 [main] INFO  com.gowri.End2End.Base - Selected the 4element from the list
18:31:12.282 [main] INFO  com.gowri.End2End.Base - Clicking on the login button
18:31:12.356 [main] INFO  com.gowri.End2End.Base - Clicked on the Login button
18:31:15.357 [main] INFO  com.gowri.End2End.Base - Comparing the customer name from drop down and Accounts page 
18:31:15.394 [main] INFO  com.gowri.End2End.Base - Comparision complete
18:31:15.395 [main] INFO  com.gowri.End2End.Base - Clicking on Logout button 
18:31:15.461 [main] INFO  com.gowri.End2End.Base - Logout successful 
18:31:18.519 [main] INFO  com.gowri.End2End.Base - Selecting the elements in the customer list 5
18:31:18.699 [main] INFO  com.gowri.End2End.Base - Selected the 5element from the list
18:31:18.699 [main] INFO  com.gowri.End2End.Base - Clicking on the login button
18:31:18.786 [main] INFO  com.gowri.End2End.Base - Clicked on the Login button
18:31:21.806 [main] INFO  com.gowri.End2End.Base - Comparing the customer name from drop down and Accounts page 
18:31:21.830 [main] INFO  com.gowri.End2End.Base - Comparision complete
18:31:21.831 [main] INFO  com.gowri.End2End.Base - Clicking on Logout button 
18:31:21.878 [main] INFO  com.gowri.End2End.Base - Logout successful 
18:41:50.679 [main] INFO  com.gowri.End2End.Base - Comparing Bank Name
18:41:50.684 [main] INFO  com.gowri.End2End.Base - Bank name comparision successful
18:41:50.761 [main] INFO  com.gowri.End2End.Base - Now clicking on Customer Login button 
18:41:51.103 [main] INFO  com.gowri.End2End.Base - Successfully clicked on customer login button
18:41:51.104 [main] INFO  com.gowri.End2End.Base - Now Looking for the available Accounts 
18:41:54.166 [main] INFO  com.gowri.End2End.Base - Selecting the elements in the customer list 1
18:41:54.351 [main] INFO  com.gowri.End2End.Base - Selected the 1element from the list
18:41:54.351 [main] INFO  com.gowri.End2End.Base - Clicking on the login button
18:41:54.413 [main] INFO  com.gowri.End2End.Base - Clicked on the Login button
18:41:57.413 [main] INFO  com.gowri.End2End.Base - Comparing the customer name from drop down and Accounts page 
18:41:57.445 [main] INFO  com.gowri.End2End.Base - Comparision complete
18:41:57.445 [main] INFO  com.gowri.End2End.Base - Clicking on Logout button 
18:41:57.507 [main] INFO  com.gowri.End2End.Base - Logout successful 
18:42:00.554 [main] INFO  com.gowri.End2End.Base - Selecting the elements in the customer list 2
18:42:00.738 [main] INFO  com.gowri.End2End.Base - Selected the 2element from the list
18:42:00.768 [main] INFO  com.gowri.End2End.Base - Clicking on the login button
18:42:00.851 [main] INFO  com.gowri.End2End.Base - Clicked on the Login button
18:42:03.852 [main] INFO  com.gowri.End2End.Base - Comparing the customer name from drop down and Accounts page 
18:42:03.889 [main] INFO  com.gowri.End2End.Base - Comparision complete
18:42:03.889 [main] INFO  com.gowri.End2End.Base - Clicking on Logout button 
18:42:03.954 [main] INFO  com.gowri.End2End.Base - Logout successful 
18:42:07.001 [main] INFO  com.gowri.End2End.Base - Selecting the elements in the customer list 3
18:42:07.181 [main] INFO  com.gowri.End2End.Base - Selected the 3element from the list
18:42:07.181 [main] INFO  com.gowri.End2End.Base - Clicking on the login button
18:42:07.254 [main] INFO  com.gowri.End2End.Base - Clicked on the Login button
18:42:10.254 [main] INFO  com.gowri.End2End.Base - Comparing the customer name from drop down and Accounts page 
18:42:10.279 [main] INFO  com.gowri.End2End.Base - Comparision complete
18:42:10.279 [main] INFO  com.gowri.End2End.Base - Clicking on Logout button 
18:42:10.326 [main] INFO  com.gowri.End2End.Base - Logout successful 
18:42:13.374 [main] INFO  com.gowri.End2End.Base - Selecting the elements in the customer list 4
18:42:13.542 [main] INFO  com.gowri.End2End.Base - Selected the 4element from the list
18:42:13.542 [main] INFO  com.gowri.End2End.Base - Clicking on the login button
18:42:13.639 [main] INFO  com.gowri.End2End.Base - Clicked on the Login button
18:42:16.639 [main] INFO  com.gowri.End2End.Base - Comparing the customer name from drop down and Accounts page 
18:42:16.667 [main] INFO  com.gowri.End2End.Base - Comparision complete
18:42:16.667 [main] INFO  com.gowri.End2End.Base - Clicking on Logout button 
18:42:16.707 [main] INFO  com.gowri.End2End.Base - Logout successful 
18:42:19.762 [main] INFO  com.gowri.End2End.Base - Selecting the elements in the customer list 5
18:42:19.926 [main] INFO  com.gowri.End2End.Base - Selected the 5element from the list
18:42:19.927 [main] INFO  com.gowri.End2End.Base - Clicking on the login button
18:42:20.010 [main] INFO  com.gowri.End2End.Base - Clicked on the Login button
18:42:23.012 [main] INFO  com.gowri.End2End.Base - Comparing the customer name from drop down and Accounts page 
18:42:23.037 [main] INFO  com.gowri.End2End.Base - Comparision complete
18:42:23.037 [main] INFO  com.gowri.End2End.Base - Clicking on Logout button 
18:42:23.079 [main] INFO  com.gowri.End2End.Base - Logout successful 
18:45:41.327 [main] INFO  com.gowri.End2End.Base - Comparing Bank Name
18:45:41.331 [main] INFO  com.gowri.End2End.Base - Bank name comparision successful
18:45:41.404 [main] INFO  com.gowri.End2End.Base - Now clicking on Customer Login button 
18:45:41.683 [main] INFO  com.gowri.End2End.Base - Successfully clicked on customer login button
18:45:41.683 [main] INFO  com.gowri.End2End.Base - Now Looking for the available Accounts 
18:45:44.740 [main] INFO  com.gowri.End2End.Base - Selecting the elements in the customer list 1
18:45:44.878 [main] INFO  com.gowri.End2End.Base - Selected the 1element from the list
18:45:44.878 [main] INFO  com.gowri.End2End.Base - Clicking on the login button
18:45:44.943 [main] INFO  com.gowri.End2End.Base - Clicked on the Login button
18:45:47.943 [main] INFO  com.gowri.End2End.Base - Comparing the customer name from drop down and Accounts page 
18:45:47.974 [main] INFO  com.gowri.End2End.Base - Comparision complete
18:45:47.974 [main] INFO  com.gowri.End2End.Base - Clicking on Logout button 
18:45:48.037 [main] INFO  com.gowri.End2End.Base - Logout successful 
18:45:51.084 [main] INFO  com.gowri.End2End.Base - Selecting the elements in the customer list 2
18:45:51.255 [main] INFO  com.gowri.End2End.Base - Selected the 2element from the list
18:45:51.256 [main] INFO  com.gowri.End2End.Base - Clicking on the login button
18:45:51.358 [main] INFO  com.gowri.End2End.Base - Clicked on the Login button
18:45:54.360 [main] INFO  com.gowri.End2End.Base - Comparing the customer name from drop down and Accounts page 
18:45:54.384 [main] INFO  com.gowri.End2End.Base - Comparision complete
18:45:54.384 [main] INFO  com.gowri.End2End.Base - Clicking on Logout button 
18:45:54.432 [main] INFO  com.gowri.End2End.Base - Logout successful 
18:45:57.482 [main] INFO  com.gowri.End2End.Base - Selecting the elements in the customer list 3
18:45:57.656 [main] INFO  com.gowri.End2End.Base - Selected the 3element from the list
18:45:57.656 [main] INFO  com.gowri.End2End.Base - Clicking on the login button
18:45:57.757 [main] INFO  com.gowri.End2End.Base - Clicked on the Login button
18:46:00.758 [main] INFO  com.gowri.End2End.Base - Comparing the customer name from drop down and Accounts page 
18:46:00.784 [main] INFO  com.gowri.End2End.Base - Comparision complete
18:46:00.784 [main] INFO  com.gowri.End2End.Base - Clicking on Logout button 
18:46:00.828 [main] INFO  com.gowri.End2End.Base - Logout successful 
18:46:03.880 [main] INFO  com.gowri.End2End.Base - Selecting the elements in the customer list 4
18:46:04.049 [main] INFO  com.gowri.End2End.Base - Selected the 4element from the list
18:46:04.050 [main] INFO  com.gowri.End2End.Base - Clicking on the login button
18:46:04.154 [main] INFO  com.gowri.End2End.Base - Clicked on the Login button
18:46:07.155 [main] INFO  com.gowri.End2End.Base - Comparing the customer name from drop down and Accounts page 
18:46:07.184 [main] INFO  com.gowri.End2End.Base - Comparision complete
18:46:07.184 [main] INFO  com.gowri.End2End.Base - Clicking on Logout button 
18:46:07.231 [main] INFO  com.gowri.End2End.Base - Logout successful 
18:46:10.282 [main] INFO  com.gowri.End2End.Base - Selecting the elements in the customer list 5
18:46:10.454 [main] INFO  com.gowri.End2End.Base - Selected the 5element from the list
18:46:10.454 [main] INFO  com.gowri.End2End.Base - Clicking on the login button
18:46:10.527 [main] INFO  com.gowri.End2End.Base - Clicked on the Login button
18:46:13.527 [main] INFO  com.gowri.End2End.Base - Comparing the customer name from drop down and Accounts page 
18:46:13.553 [main] INFO  com.gowri.End2End.Base - Comparision complete
18:46:13.553 [main] INFO  com.gowri.End2End.Base - Clicking on Logout button 
18:46:13.594 [main] INFO  com.gowri.End2End.Base - Logout successful 
18:47:13.190 [main] INFO  com.gowri.End2End.Base - Comparing Bank Name
18:47:13.195 [main] INFO  com.gowri.End2End.Base - Bank name comparision successful
18:47:13.270 [main] INFO  com.gowri.End2End.Base - Now clicking on Customer Login button 
18:47:13.559 [main] INFO  com.gowri.End2End.Base - Successfully clicked on customer login button
18:47:13.559 [main] INFO  com.gowri.End2End.Base - Now Looking for the available Accounts 
18:47:16.612 [main] INFO  com.gowri.End2End.Base - Selecting the elements in the customer list 1
18:47:16.806 [main] INFO  com.gowri.End2End.Base - Selected the 1element from the list
18:47:16.806 [main] INFO  com.gowri.End2End.Base - Clicking on the login button
18:47:16.875 [main] INFO  com.gowri.End2End.Base - Clicked on the Login button
18:47:19.876 [main] INFO  com.gowri.End2End.Base - Comparing the customer name from drop down and Accounts page 
18:47:19.907 [main] INFO  com.gowri.End2End.Base - Comparision complete
18:47:19.907 [main] INFO  com.gowri.End2End.Base - Clicking on Logout button 
18:47:19.973 [main] INFO  com.gowri.End2End.Base - Logout successful 
18:47:23.019 [main] INFO  com.gowri.End2End.Base - Selecting the elements in the customer list 2
18:47:23.196 [main] INFO  com.gowri.End2End.Base - Selected the 2element from the list
18:47:23.196 [main] INFO  com.gowri.End2End.Base - Clicking on the login button
18:47:23.276 [main] INFO  com.gowri.End2End.Base - Clicked on the Login button
18:47:26.276 [main] INFO  com.gowri.End2End.Base - Comparing the customer name from drop down and Accounts page 
18:47:26.308 [main] INFO  com.gowri.End2End.Base - Comparision complete
18:47:26.308 [main] INFO  com.gowri.End2End.Base - Clicking on Logout button 
18:47:26.372 [main] INFO  com.gowri.End2End.Base - Logout successful 
18:47:29.415 [main] INFO  com.gowri.End2End.Base - Selecting the elements in the customer list 3
18:47:29.582 [main] INFO  com.gowri.End2End.Base - Selected the 3element from the list
18:47:29.583 [main] INFO  com.gowri.End2End.Base - Clicking on the login button
18:47:29.663 [main] INFO  com.gowri.End2End.Base - Clicked on the Login button
18:47:32.663 [main] INFO  com.gowri.End2End.Base - Comparing the customer name from drop down and Accounts page 
18:47:32.688 [main] INFO  com.gowri.End2End.Base - Comparision complete
18:47:32.688 [main] INFO  com.gowri.End2End.Base - Clicking on Logout button 
18:47:32.735 [main] INFO  com.gowri.End2End.Base - Logout successful 
18:47:35.787 [main] INFO  com.gowri.End2End.Base - Selecting the elements in the customer list 4
18:47:35.963 [main] INFO  com.gowri.End2End.Base - Selected the 4element from the list
18:47:35.964 [main] INFO  com.gowri.End2End.Base - Clicking on the login button
18:47:36.038 [main] INFO  com.gowri.End2End.Base - Clicked on the Login button
18:47:39.039 [main] INFO  com.gowri.End2End.Base - Comparing the customer name from drop down and Accounts page 
18:47:39.066 [main] INFO  com.gowri.End2End.Base - Comparision complete
18:47:39.067 [main] INFO  com.gowri.End2End.Base - Clicking on Logout button 
18:47:39.114 [main] INFO  com.gowri.End2End.Base - Logout successful 
18:47:42.163 [main] INFO  com.gowri.End2End.Base - Selecting the elements in the customer list 5
18:47:42.336 [main] INFO  com.gowri.End2End.Base - Selected the 5element from the list
18:47:42.336 [main] INFO  com.gowri.End2End.Base - Clicking on the login button
18:47:42.411 [main] INFO  com.gowri.End2End.Base - Clicked on the Login button
18:47:45.411 [main] INFO  com.gowri.End2End.Base - Comparing the customer name from drop down and Accounts page 
18:47:45.437 [main] INFO  com.gowri.End2End.Base - Comparision complete
18:47:45.437 [main] INFO  com.gowri.End2End.Base - Clicking on Logout button 
18:47:45.478 [main] INFO  com.gowri.End2End.Base - Logout successful 
18:49:59.167 [main] INFO  com.gowri.End2End.Base - Comparing Bank Name
18:49:59.172 [main] INFO  com.gowri.End2End.Base - Bank name comparision successful
18:49:59.172 [main] INFO  com.gowri.End2End.Base - Now clicking on Manager Button
18:49:59.249 [main] INFO  com.gowri.End2End.Base - Successfully clicked on Manager button
